[debug] [2022-06-09T12:41:06.123Z] ----------------------------------------------------------------------
[debug] [2022-06-09T12:41:06.127Z] Command:       C:\Program Files\nodejs\node.exe C:\Users\shori\AppData\Roaming\npm\node_modules\firebase-tools\lib\bin\firebase.js init
[debug] [2022-06-09T12:41:06.128Z] CLI Version:   11.0.1
[debug] [2022-06-09T12:41:06.128Z] Platform:      win32
[debug] [2022-06-09T12:41:06.128Z] Node Version:  v16.14.2
[debug] [2022-06-09T12:41:06.130Z] Time:          Thu Jun 09 2022 18:41:06 GMT+0600 (Bangladesh Standard Time)
[debug] [2022-06-09T12:41:06.131Z] ----------------------------------------------------------------------
[debug] 
[debug] [2022-06-09T12:41:06.272Z] > command requires scopes: ["email","openid","https://www.googleapis.com/auth/cloudplatformprojects.readonly","https://www.googleapis.com/auth/firebase","https://www.googleapis.com/auth/cloud-platform"]
[debug] [2022-06-09T12:41:06.272Z] > authorizing via signed-in user (shorifuddin240915@gmail.com)
[info] 
     ######## #### ########  ######## ########     ###     ######  ########
     ##        ##  ##     ## ##       ##     ##  ##   ##  ##       ##
     ######    ##  ########  ######   ########  #########  ######  ######
     ##        ##  ##    ##  ##       ##     ## ##     ##       ## ##
     ##       #### ##     ## ######## ########  ##     ##  ######  ########

You're about to initialize a Firebase project in this directory:

  E:\Shorif Uddin Protfolio

Before we get started, keep in mind:

  * You are initializing within an existing Firebase project directory

[info] 
=== Project Setup
[info] 
[info] First, let's associate this project directory with a Firebase project.
[info] You can create multiple project aliases by running firebase use --add, 
[info] but for now we'll just set up a default project.
[info] 
[debug] [2022-06-09T12:41:16.545Z] Using project from CLI flag: gias-uddin
[debug] [2022-06-09T12:41:16.549Z] >>> [apiv2][query] GET https://firebase.googleapis.com/v1beta1/projects/gias-uddin [none]
[debug] [2022-06-09T12:41:17.114Z] <<< [apiv2][status] GET https://firebase.googleapis.com/v1beta1/projects/gias-uddin 403
[debug] [2022-06-09T12:41:17.114Z] <<< [apiv2][body] GET https://firebase.googleapis.com/v1beta1/projects/gias-uddin {"error":{"code":403,"message":"The caller does not have permission","status":"PERMISSION_DENIED"}}
[debug] [2022-06-09T12:41:17.115Z] HTTP Error: 403, The caller does not have permission
[debug] [2022-06-09T12:41:17.317Z] FirebaseError: HTTP Error: 403, The caller does not have permission
    at module.exports (C:\Users\shori\AppData\Roaming\npm\node_modules\firebase-tools\lib\responseToError.js:47:12)
    at RetryOperation._fn (C:\Users\shori\AppData\Roaming\npm\node_modules\firebase-tools\lib\apiv2.js:286:39)
    at processTicksAndRejections (node:internal/process/task_queues:96:5)
[error] 
[error] Error: Failed to get Firebase project gias-uddin. Please make sure the project exists and your account has permission to access it.
[debug] [2022-06-09T12:43:49.797Z] ----------------------------------------------------------------------
[debug] [2022-06-09T12:43:49.800Z] Command:       C:\Program Files\nodejs\node.exe C:\Users\shori\AppData\Roaming\npm\node_modules\firebase-tools\lib\bin\firebase.js init
[debug] [2022-06-09T12:43:49.801Z] CLI Version:   11.0.1
[debug] [2022-06-09T12:43:49.802Z] Platform:      win32
[debug] [2022-06-09T12:43:49.802Z] Node Version:  v16.14.2
[debug] [2022-06-09T12:43:49.804Z] Time:          Thu Jun 09 2022 18:43:49 GMT+0600 (Bangladesh Standard Time)
[debug] [2022-06-09T12:43:49.804Z] ----------------------------------------------------------------------
[debug] 
[debug] [2022-06-09T12:43:50.098Z] > command requires scopes: ["email","openid","https://www.googleapis.com/auth/cloudplatformprojects.readonly","https://www.googleapis.com/auth/firebase","https://www.googleapis.com/auth/cloud-platform"]
[debug] [2022-06-09T12:43:50.099Z] > authorizing via signed-in user (shorifuddin240915@gmail.com)
[info] 
     ######## #### ########  ######## ########     ###     ######  ########
     ##        ##  ##     ## ##       ##     ##  ##   ##  ##       ##
     ######    ##  ########  ######   ########  #########  ######  ######
     ##        ##  ##    ##  ##       ##     ## ##     ##       ## ##
     ##       #### ##     ## ######## ########  ##     ##  ######  ########

You're about to initialize a Firebase project in this directory:

  E:\Shorif Uddin Protfolio

Before we get started, keep in mind:

  * You are initializing within an existing Firebase project directory

